<?xml version="1.0" encoding="UTF-8"?>
<testng-results ignored="0" total="10" passed="6" failed="4" skipped="0">
  <reporter-output>
  </reporter-output>
  <suite started-at="2024-07-03T11:28:49 IST" name="Sanity Pack" finished-at="2024-07-03T11:29:15 IST" duration-ms="26126">
    <groups>
    </groups>
    <test started-at="2024-07-03T11:28:49 IST" name="login1" finished-at="2024-07-03T11:28:59 IST" duration-ms="9884">
      <class name="basics.Dataproviderassnmt2">
        <test-method is-config="true" signature="launchurl()[pri:0, instance:basics.Dataproviderassnmt2@65fb9ffc]" started-at="2024-07-03T11:28:49 IST" name="launchurl" finished-at="2024-07-03T11:28:53 IST" duration-ms="4267" status="PASS">
          <reporter-output>
          </reporter-output>
        </test-method> <!-- launchurl -->
        <test-method signature="entereddata(java.lang.String,java.lang.String,java.lang.String,java.lang.String,java.lang.String,[Ljava.lang.CharSequence;)[pri:0, instance:basics.Dataproviderassnmt2@65fb9ffc]" started-at="2024-07-03T11:28:53 IST" name="entereddata" data-provider="formdetails" finished-at="2024-07-03T11:28:54 IST" duration-ms="1362" status="PASS">
          <params>
            <param index="0">
              <value>
                <![CDATA[devi]]>
              </value>
            </param>
            <param index="1">
              <value>
                <![CDATA[raj]]>
              </value>
            </param>
            <param index="2">
              <value>
                <![CDATA[bala]]>
              </value>
            </param>
            <param index="3">
              <value>
                <![CDATA[tvm]]>
              </value>
            </param>
            <param index="4">
              <value>
                <![CDATA[kerala]]>
              </value>
            </param>
            <param index="5">
              <value>
                <![CDATA[[Ljava.lang.CharSequence;@343570b7]]>
              </value>
            </param>
          </params>
          <reporter-output>
          </reporter-output>
        </test-method> <!-- entereddata -->
        <test-method is-config="true" signature="launchurl()[pri:0, instance:basics.Dataproviderassnmt2@65fb9ffc]" started-at="2024-07-03T11:28:54 IST" name="launchurl" finished-at="2024-07-03T11:28:58 IST" duration-ms="3331" status="PASS">
          <reporter-output>
          </reporter-output>
        </test-method> <!-- launchurl -->
        <test-method signature="entereddata(java.lang.String,java.lang.String,java.lang.String,java.lang.String,java.lang.String,[Ljava.lang.CharSequence;)[pri:0, instance:basics.Dataproviderassnmt2@65fb9ffc]" started-at="2024-07-03T11:28:58 IST" name="entereddata" data-provider="formdetails" finished-at="2024-07-03T11:28:59 IST" duration-ms="858" status="PASS">
          <params>
            <param index="0">
              <value>
                <![CDATA[molu]]>
              </value>
            </param>
            <param index="1">
              <value>
                <![CDATA[raj]]>
              </value>
            </param>
            <param index="2">
              <value>
                <![CDATA[tsr]]>
              </value>
            </param>
            <param index="3">
              <value>
                <![CDATA[krr]]>
              </value>
            </param>
            <param index="4">
              <value>
                <![CDATA[nanu]]>
              </value>
            </param>
            <param index="5">
              <value>
                <![CDATA[[Ljava.lang.CharSequence;@157853da]]>
              </value>
            </param>
          </params>
          <reporter-output>
          </reporter-output>
        </test-method> <!-- entereddata -->
      </class> <!-- basics.Dataproviderassnmt2 -->
      <class name="basics.LaunchBrowser">
        <test-method is-config="true" signature="launchbrowser()[pri:0, instance:basics.LaunchBrowser@3e694b3f]" started-at="2024-07-03T11:28:49 IST" name="launchbrowser" finished-at="2024-07-03T11:28:55 IST" duration-ms="6588" status="PASS">
          <reporter-output>
          </reporter-output>
        </test-method> <!-- launchbrowser -->
        <test-method signature="verifypagetitle()[pri:0, instance:basics.LaunchBrowser@3e694b3f]" started-at="2024-07-03T11:28:55 IST" name="verifypagetitle" finished-at="2024-07-03T11:28:56 IST" duration-ms="273" status="FAIL">
          <exception class="java.lang.AssertionError">
            <message>
              <![CDATA[this is an issue expected [Devi R raj] but found [Online Shopping site in India: Shop Online for Mobiles, Books, Watches, Shoes and More - Amazon.in]]]>
            </message>
            <full-stacktrace>
              <![CDATA[java.lang.AssertionError: this is an issue expected [Devi R raj] but found [Online Shopping site in India: Shop Online for Mobiles, Books, Watches, Shoes and More - Amazon.in]
at org.testng.Assert.fail(Assert.java:111)
at org.testng.Assert.failNotEquals(Assert.java:1578)
at org.testng.Assert.assertEqualsImpl(Assert.java:150)
at org.testng.Assert.assertEquals(Assert.java:132)
at org.testng.Assert.assertEquals(Assert.java:656)
at basics.LaunchBrowser.verifypagetitle(LaunchBrowser.java:31)
at java.base/jdk.internal.reflect.NativeMethodAccessorImpl.invoke0(Native Method)
at java.base/jdk.internal.reflect.NativeMethodAccessorImpl.invoke(NativeMethodAccessorImpl.java:77)
at java.base/jdk.internal.reflect.DelegatingMethodAccessorImpl.invoke(DelegatingMethodAccessorImpl.java:43)
at java.base/java.lang.reflect.Method.invoke(Method.java:568)
at org.testng.internal.invokers.MethodInvocationHelper.invokeMethod(MethodInvocationHelper.java:139)
at org.testng.internal.invokers.TestInvoker.invokeMethod(TestInvoker.java:664)
at org.testng.internal.invokers.TestInvoker.invokeTestMethod(TestInvoker.java:227)
at org.testng.internal.invokers.MethodRunner.runInSequence(MethodRunner.java:50)
at org.testng.internal.invokers.TestInvoker$MethodInvocationAgent.invoke(TestInvoker.java:957)
at org.testng.internal.invokers.TestInvoker.invokeTestMethods(TestInvoker.java:200)
at org.testng.internal.invokers.TestMethodWorker.invokeTestMethods(TestMethodWorker.java:148)
at org.testng.internal.invokers.TestMethodWorker.run(TestMethodWorker.java:128)
at java.base/java.util.concurrent.ThreadPoolExecutor.runWorker(ThreadPoolExecutor.java:1136)
at java.base/java.util.concurrent.ThreadPoolExecutor$Worker.run(ThreadPoolExecutor.java:635)
at java.base/java.lang.Thread.run(Thread.java:833)
]]>
            </full-stacktrace>
          </exception> <!-- java.lang.AssertionError -->
          <reporter-output>
          </reporter-output>
        </test-method> <!-- verifypagetitle -->
      </class> <!-- basics.LaunchBrowser -->
      <class name="basics.Annotationexample">
        <test-method is-config="true" signature="beforetest()[pri:0, instance:basics.Annotationexample@76505305]" started-at="2024-07-03T11:28:49 IST" name="beforetest" finished-at="2024-07-03T11:28:49 IST" duration-ms="1" status="PASS">
          <reporter-output>
          </reporter-output>
        </test-method> <!-- beforetest -->
        <test-method is-config="true" signature="beforeclass()[pri:0, instance:basics.Annotationexample@76505305]" started-at="2024-07-03T11:28:49 IST" name="beforeclass" finished-at="2024-07-03T11:28:49 IST" duration-ms="1" status="PASS">
          <reporter-output>
          </reporter-output>
        </test-method> <!-- beforeclass -->
        <test-method is-config="true" signature="beforemethod()[pri:0, instance:basics.Annotationexample@76505305]" started-at="2024-07-03T11:28:49 IST" name="beforemethod" finished-at="2024-07-03T11:28:49 IST" duration-ms="1" status="PASS">
          <reporter-output>
          </reporter-output>
        </test-method> <!-- beforemethod -->
        <test-method signature="testcase2()[pri:0, instance:basics.Annotationexample@76505305]" started-at="2024-07-03T11:28:49 IST" name="testcase2" finished-at="2024-07-03T11:28:49 IST" duration-ms="26" status="PASS">
          <reporter-output>
          </reporter-output>
        </test-method> <!-- testcase2 -->
        <test-method is-config="true" signature="afterethod()[pri:0, instance:basics.Annotationexample@76505305]" started-at="2024-07-03T11:28:49 IST" name="afterethod" finished-at="2024-07-03T11:28:49 IST" duration-ms="0" status="PASS">
          <reporter-output>
          </reporter-output>
        </test-method> <!-- afterethod -->
        <test-method signature="testcases1()[pri:0, instance:basics.Annotationexample@76505305]" started-at="2024-07-03T11:28:49 IST" name="testcases1" finished-at="2024-07-03T11:28:49 IST" duration-ms="2" status="PASS">
          <reporter-output>
          </reporter-output>
        </test-method> <!-- testcases1 -->
        <test-method is-config="true" signature="beforemethod()[pri:0, instance:basics.Annotationexample@76505305]" started-at="2024-07-03T11:28:49 IST" name="beforemethod" finished-at="2024-07-03T11:28:49 IST" duration-ms="0" status="PASS">
          <reporter-output>
          </reporter-output>
        </test-method> <!-- beforemethod -->
        <test-method is-config="true" signature="afterethod()[pri:0, instance:basics.Annotationexample@76505305]" started-at="2024-07-03T11:28:49 IST" name="afterethod" finished-at="2024-07-03T11:28:49 IST" duration-ms="0" status="PASS">
          <reporter-output>
          </reporter-output>
        </test-method> <!-- afterethod -->
        <test-method is-config="true" signature="afterclass()[pri:0, instance:basics.Annotationexample@76505305]" started-at="2024-07-03T11:28:49 IST" name="afterclass" finished-at="2024-07-03T11:28:49 IST" duration-ms="0" status="PASS">
          <reporter-output>
          </reporter-output>
        </test-method> <!-- afterclass -->
        <test-method is-config="true" signature="aftertest()[pri:0, instance:basics.Annotationexample@76505305]" started-at="2024-07-03T11:28:59 IST" name="aftertest" finished-at="2024-07-03T11:28:59 IST" duration-ms="5" status="PASS">
          <reporter-output>
          </reporter-output>
        </test-method> <!-- aftertest -->
      </class> <!-- basics.Annotationexample -->
    </test> <!-- login1 -->
    <test started-at="2024-07-03T11:28:59 IST" name="login2" finished-at="2024-07-03T11:29:15 IST" duration-ms="16186">
      <class name="basics.Dataproviderassnmt2">
        <test-method is-config="true" signature="launchurl()[pri:0, instance:basics.Dataproviderassnmt2@6743e411]" started-at="2024-07-03T11:28:59 IST" name="launchurl" finished-at="2024-07-03T11:29:04 IST" duration-ms="5232" status="PASS">
          <reporter-output>
          </reporter-output>
        </test-method> <!-- launchurl -->
        <test-method signature="entereddata(java.lang.String,java.lang.String,java.lang.String,java.lang.String,java.lang.String,[Ljava.lang.CharSequence;)[pri:0, instance:basics.Dataproviderassnmt2@6743e411]" started-at="2024-07-03T11:29:04 IST" name="entereddata" data-provider="formdetails" finished-at="2024-07-03T11:29:06 IST" duration-ms="2523" status="PASS">
          <params>
            <param index="0">
              <value>
                <![CDATA[devi]]>
              </value>
            </param>
            <param index="1">
              <value>
                <![CDATA[raj]]>
              </value>
            </param>
            <param index="2">
              <value>
                <![CDATA[bala]]>
              </value>
            </param>
            <param index="3">
              <value>
                <![CDATA[tvm]]>
              </value>
            </param>
            <param index="4">
              <value>
                <![CDATA[kerala]]>
              </value>
            </param>
            <param index="5">
              <value>
                <![CDATA[[Ljava.lang.CharSequence;@c03cf28]]>
              </value>
            </param>
          </params>
          <reporter-output>
          </reporter-output>
        </test-method> <!-- entereddata -->
        <test-method is-config="true" signature="launchurl()[pri:0, instance:basics.Dataproviderassnmt2@6743e411]" started-at="2024-07-03T11:29:06 IST" name="launchurl" finished-at="2024-07-03T11:29:10 IST" duration-ms="3858" status="PASS">
          <reporter-output>
          </reporter-output>
        </test-method> <!-- launchurl -->
        <test-method signature="entereddata(java.lang.String,java.lang.String,java.lang.String,java.lang.String,java.lang.String,[Ljava.lang.CharSequence;)[pri:0, instance:basics.Dataproviderassnmt2@6743e411]" started-at="2024-07-03T11:29:10 IST" name="entereddata" data-provider="formdetails" finished-at="2024-07-03T11:29:14 IST" duration-ms="3335" status="PASS">
          <params>
            <param index="0">
              <value>
                <![CDATA[molu]]>
              </value>
            </param>
            <param index="1">
              <value>
                <![CDATA[raj]]>
              </value>
            </param>
            <param index="2">
              <value>
                <![CDATA[tsr]]>
              </value>
            </param>
            <param index="3">
              <value>
                <![CDATA[krr]]>
              </value>
            </param>
            <param index="4">
              <value>
                <![CDATA[nanu]]>
              </value>
            </param>
            <param index="5">
              <value>
                <![CDATA[[Ljava.lang.CharSequence;@1329eff]]>
              </value>
            </param>
          </params>
          <reporter-output>
          </reporter-output>
        </test-method> <!-- entereddata -->
      </class> <!-- basics.Dataproviderassnmt2 -->
      <class name="basics.LaunchBrowser">
        <test-method is-config="true" signature="launchbrowser()[pri:0, instance:basics.LaunchBrowser@3eb25e1a]" started-at="2024-07-03T11:28:59 IST" name="launchbrowser" finished-at="2024-07-03T11:29:06 IST" duration-ms="7050" status="PASS">
          <reporter-output>
          </reporter-output>
        </test-method> <!-- launchbrowser -->
        <test-method signature="verifypagetitle()[pri:0, instance:basics.LaunchBrowser@3eb25e1a]" started-at="2024-07-03T11:29:06 IST" name="verifypagetitle" finished-at="2024-07-03T11:29:06 IST" duration-ms="468" status="FAIL">
          <exception class="java.lang.AssertionError">
            <message>
              <![CDATA[this is an issue expected [Devi R raj] but found [Online Shopping site in India: Shop Online for Mobiles, Books, Watches, Shoes and More - Amazon.in]]]>
            </message>
            <full-stacktrace>
              <![CDATA[java.lang.AssertionError: this is an issue expected [Devi R raj] but found [Online Shopping site in India: Shop Online for Mobiles, Books, Watches, Shoes and More - Amazon.in]
at org.testng.Assert.fail(Assert.java:111)
at org.testng.Assert.failNotEquals(Assert.java:1578)
at org.testng.Assert.assertEqualsImpl(Assert.java:150)
at org.testng.Assert.assertEquals(Assert.java:132)
at org.testng.Assert.assertEquals(Assert.java:656)
at basics.LaunchBrowser.verifypagetitle(LaunchBrowser.java:31)
at java.base/jdk.internal.reflect.NativeMethodAccessorImpl.invoke0(Native Method)
at java.base/jdk.internal.reflect.NativeMethodAccessorImpl.invoke(NativeMethodAccessorImpl.java:77)
at java.base/jdk.internal.reflect.DelegatingMethodAccessorImpl.invoke(DelegatingMethodAccessorImpl.java:43)
at java.base/java.lang.reflect.Method.invoke(Method.java:568)
at org.testng.internal.invokers.MethodInvocationHelper.invokeMethod(MethodInvocationHelper.java:139)
at org.testng.internal.invokers.TestInvoker.invokeMethod(TestInvoker.java:664)
at org.testng.internal.invokers.TestInvoker.invokeTestMethod(TestInvoker.java:227)
at org.testng.internal.invokers.MethodRunner.runInSequence(MethodRunner.java:50)
at org.testng.internal.invokers.TestInvoker$MethodInvocationAgent.invoke(TestInvoker.java:957)
at org.testng.internal.invokers.TestInvoker.invokeTestMethods(TestInvoker.java:200)
at org.testng.internal.invokers.TestMethodWorker.invokeTestMethods(TestMethodWorker.java:148)
at org.testng.internal.invokers.TestMethodWorker.run(TestMethodWorker.java:128)
at java.base/java.util.concurrent.ThreadPoolExecutor.runWorker(ThreadPoolExecutor.java:1136)
at java.base/java.util.concurrent.ThreadPoolExecutor$Worker.run(ThreadPoolExecutor.java:635)
at java.base/java.lang.Thread.run(Thread.java:833)
]]>
            </full-stacktrace>
          </exception> <!-- java.lang.AssertionError -->
          <reporter-output>
          </reporter-output>
        </test-method> <!-- verifypagetitle -->
      </class> <!-- basics.LaunchBrowser -->
      <class name="basics.Softassertsample">
        <test-method is-config="true" signature="launchbrowser()[pri:0, instance:basics.Softassertsample@662ac478]" started-at="2024-07-03T11:28:59 IST" name="launchbrowser" finished-at="2024-07-03T11:29:03 IST" duration-ms="4387" status="PASS">
          <reporter-output>
          </reporter-output>
        </test-method> <!-- launchbrowser -->
        <test-method signature="Bootstrapcheck()[pri:0, instance:basics.Softassertsample@662ac478]" started-at="2024-07-03T11:29:03 IST" name="Bootstrapcheck" finished-at="2024-07-03T11:29:04 IST" duration-ms="598" status="FAIL">
          <exception class="java.lang.AssertionError">
            <message>
              <![CDATA[expected [true] but found [false]]]>
            </message>
            <full-stacktrace>
              <![CDATA[java.lang.AssertionError: expected [true] but found [false]
at org.testng.Assert.fail(Assert.java:111)
at org.testng.Assert.failNotEquals(Assert.java:1578)
at org.testng.Assert.assertTrue(Assert.java:57)
at org.testng.Assert.assertTrue(Assert.java:67)
at basics.Softassertsample.Bootstrapcheck(Softassertsample.java:58)
at java.base/jdk.internal.reflect.NativeMethodAccessorImpl.invoke0(Native Method)
at java.base/jdk.internal.reflect.NativeMethodAccessorImpl.invoke(NativeMethodAccessorImpl.java:77)
at java.base/jdk.internal.reflect.DelegatingMethodAccessorImpl.invoke(DelegatingMethodAccessorImpl.java:43)
at java.base/java.lang.reflect.Method.invoke(Method.java:568)
at org.testng.internal.invokers.MethodInvocationHelper.invokeMethod(MethodInvocationHelper.java:139)
at org.testng.internal.invokers.TestInvoker.invokeMethod(TestInvoker.java:664)
at org.testng.internal.invokers.TestInvoker.invokeTestMethod(TestInvoker.java:227)
at org.testng.internal.invokers.MethodRunner.runInSequence(MethodRunner.java:50)
at org.testng.internal.invokers.TestInvoker$MethodInvocationAgent.invoke(TestInvoker.java:957)
at org.testng.internal.invokers.TestInvoker.invokeTestMethods(TestInvoker.java:200)
at org.testng.internal.invokers.TestMethodWorker.invokeTestMethods(TestMethodWorker.java:148)
at org.testng.internal.invokers.TestMethodWorker.run(TestMethodWorker.java:128)
at java.base/java.util.concurrent.ThreadPoolExecutor.runWorker(ThreadPoolExecutor.java:1136)
at java.base/java.util.concurrent.ThreadPoolExecutor$Worker.run(ThreadPoolExecutor.java:635)
at java.base/java.lang.Thread.run(Thread.java:833)
]]>
            </full-stacktrace>
          </exception> <!-- java.lang.AssertionError -->
          <reporter-output>
          </reporter-output>
        </test-method> <!-- Bootstrapcheck -->
        <test-method is-config="true" signature="launchbrowser()[pri:0, instance:basics.Softassertsample@662ac478]" started-at="2024-07-03T11:29:04 IST" name="launchbrowser" finished-at="2024-07-03T11:29:15 IST" duration-ms="11102" status="PASS">
          <reporter-output>
          </reporter-output>
        </test-method> <!-- launchbrowser -->
        <test-method signature="bootstrapalert()[pri:0, instance:basics.Softassertsample@662ac478]" started-at="2024-07-03T11:29:15 IST" name="bootstrapalert" finished-at="2024-07-03T11:29:15 IST" duration-ms="84" status="FAIL">
          <exception class="java.lang.AssertionError">
            <message>
              <![CDATA[The following asserts failed:
expected [blue] but found [rgba(0, 0, 0, 0.03)]]]>
            </message>
            <full-stacktrace>
              <![CDATA[java.lang.AssertionError: The following asserts failed:
expected [blue] but found [rgba(0, 0, 0, 0.03)]
at org.testng.asserts.SoftAssert.assertAll(SoftAssert.java:46)
at org.testng.asserts.SoftAssert.assertAll(SoftAssert.java:30)
at basics.Softassertsample.bootstrapalert(Softassertsample.java:46)
at java.base/jdk.internal.reflect.NativeMethodAccessorImpl.invoke0(Native Method)
at java.base/jdk.internal.reflect.NativeMethodAccessorImpl.invoke(NativeMethodAccessorImpl.java:77)
at java.base/jdk.internal.reflect.DelegatingMethodAccessorImpl.invoke(DelegatingMethodAccessorImpl.java:43)
at java.base/java.lang.reflect.Method.invoke(Method.java:568)
at org.testng.internal.invokers.MethodInvocationHelper.invokeMethod(MethodInvocationHelper.java:139)
at org.testng.internal.invokers.TestInvoker.invokeMethod(TestInvoker.java:664)
at org.testng.internal.invokers.TestInvoker.invokeTestMethod(TestInvoker.java:227)
at org.testng.internal.invokers.MethodRunner.runInSequence(MethodRunner.java:50)
at org.testng.internal.invokers.TestInvoker$MethodInvocationAgent.invoke(TestInvoker.java:957)
at org.testng.internal.invokers.TestInvoker.invokeTestMethods(TestInvoker.java:200)
at org.testng.internal.invokers.TestMethodWorker.invokeTestMethods(TestMethodWorker.java:148)
at org.testng.internal.invokers.TestMethodWorker.run(TestMethodWorker.java:128)
at java.base/java.util.concurrent.ThreadPoolExecutor.runWorker(ThreadPoolExecutor.java:1136)
at java.base/java.util.concurrent.ThreadPoolExecutor$Worker.run(ThreadPoolExecutor.java:635)
at java.base/java.lang.Thread.run(Thread.java:833)
]]>
            </full-stacktrace>
          </exception> <!-- java.lang.AssertionError -->
          <reporter-output>
          </reporter-output>
        </test-method> <!-- bootstrapalert -->
      </class> <!-- basics.Softassertsample -->
      <class name="basics.Annotationexample">
        <test-method is-config="true" signature="beforesuite()[pri:0, instance:basics.Annotationexample@76505305]" started-at="2024-07-03T11:28:49 IST" name="beforesuite" finished-at="2024-07-03T11:28:49 IST" duration-ms="14" status="PASS">
          <reporter-output>
          </reporter-output>
        </test-method> <!-- beforesuite -->
        <test-method is-config="true" signature="aftersuite()[pri:0, instance:basics.Annotationexample@76505305]" started-at="2024-07-03T11:29:15 IST" name="aftersuite" finished-at="2024-07-03T11:29:15 IST" duration-ms="2" status="PASS">
          <reporter-output>
          </reporter-output>
        </test-method> <!-- aftersuite -->
      </class> <!-- basics.Annotationexample -->
    </test> <!-- login2 -->
  </suite> <!-- Sanity Pack -->
</testng-results>
